Removed Pin From Net: NetName=AVDD Pin=B2-11
Removed Pin From Net: NetName=AVDD Pin=B2-12
Removed Pin From Net: NetName=AVDD Pin=B2-13
Removed Pin From Net: NetName=AVDD Pin=B2-14
Removed Pin From Net: NetName=AVDD Pin=B2-15
Removed Pin From Net: NetName=AVDD Pin=B2-16
Removed Pin From Net: NetName=AVDD Pin=B2-17
Removed Pin From Net: NetName=AVDD Pin=B2-18
Removed Pin From Net: NetName=AVDD Pin=B2-19
Removed Pin From Net: NetName=AVDD Pin=B2-20
Removed Pin From Net: NetName=AVDD Pin=C72-1
Removed Pin From Net: NetName=AVDD Pin=C74-2
Removed Pin From Net: NetName=AVDD Pin=C88-2
Removed Pin From Net: NetName=AVDD Pin=C89-1
Removed Pin From Net: NetName=AVDD Pin=C92-1
Removed Pin From Net: NetName=AVDD Pin=C107-2
Removed Pin From Net: NetName=AVDD Pin=C108-2
Removed Pin From Net: NetName=AVDD Pin=C109-2
Removed Pin From Net: NetName=AVDD Pin=FB7-2
Removed Pin From Net: NetName=AVDD Pin=FB8-2
Removed Pin From Net: NetName=AVDD Pin=FB9-2
Removed Pin From Net: NetName=AVDD Pin=FB15-2
Removed Pin From Net: NetName=AVDD Pin=U6-8
Added Component: Designator=P9(HDR1X3)
Added Component: Designator=P10(HDR1X3)
Added Pin To Net: NetName=VIN Pin=B2-11
Added Pin To Net: NetName=VIN Pin=B2-12
Added Pin To Net: NetName=VIN Pin=B2-13
Added Pin To Net: NetName=VIN Pin=B2-14
Added Pin To Net: NetName=VIN Pin=B2-15
Added Pin To Net: NetName=VIN Pin=B2-16
Added Pin To Net: NetName=VIN Pin=B2-17
Added Pin To Net: NetName=VIN Pin=B2-18
Added Pin To Net: NetName=VIN Pin=B2-19
Added Pin To Net: NetName=VIN Pin=B2-20
Added Pin To Net: NetName=VIN Pin=C72-1
Added Pin To Net: NetName=VIN Pin=C74-2
Added Pin To Net: NetName=5VDC Pin=P9-1
Added Pin To Net: NetName=VIN Pin=P9-2
Added Pin To Net: NetName=VIN Pin=P9-3
Added Pin To Net: NetName=5VDC Pin=P10-1
Added Pin To Net: NetName=AVDD Pin=P10-2
Added Pin To Net: NetName=VIN Pin=P10-3
Change Net Name : Old Net Name=AVDD New Net Name=NetB1_11
Added Pin To Net: NetName=AVDD Pin=C88-2
Added Pin To Net: NetName=AVDD Pin=C89-1
Added Pin To Net: NetName=AVDD Pin=C92-1
Added Pin To Net: NetName=AVDD Pin=C107-2
Added Pin To Net: NetName=AVDD Pin=C108-2
Added Pin To Net: NetName=AVDD Pin=C109-2
Added Pin To Net: NetName=AVDD Pin=FB7-2
Added Pin To Net: NetName=AVDD Pin=FB8-2
Added Pin To Net: NetName=AVDD Pin=FB9-2
Added Pin To Net: NetName=AVDD Pin=FB15-2
Added Pin To Net: NetName=AVDD Pin=U6-8
Added Net: Name=AVDD
Added Member To Class: ClassName=U_Hammerhead - MAX11300 Breakout Connectors R1 Member=Component P9 Header 3
Added Member To Class: ClassName=U_Hammerhead - MAX11300 Breakout Connectors R1 Member=Component P10 Header 3
