Removed Pin From Net: NetName=-AVDD Pin=C54-1
Removed Pin From Net: NetName=GND Pin=C54-2
Removed Pin From Net: NetName=AVDD Pin=C92-1
Removed Pin From Net: NetName=GND Pin=C92-2
Removed Pin From Net: NetName=GND Pin=C94-1
Removed Pin From Net: NetName=-AVDD Pin=C94-2
Removed Pin From Net: NetName=GND Pin=C95-1
Removed Pin From Net: NetName=NetC95_2 Pin=C95-2
Removed Pin From Net: NetName=NetC100_1 Pin=C100-1
Removed Pin From Net: NetName=NetC100_2 Pin=C100-2
Removed Pin From Net: NetName=NetC95_2 Pin=FB16-1
Removed Pin From Net: NetName=GND Pin=FB17-2
Removed Pin From Net: NetName=NetC100_1 Pin=U6-2
Removed Pin From Net: NetName=NetC100_2 Pin=U6-4
Removed Pin From Net: NetName=NetC95_2 Pin=U6-5
Removed Pin From Net: NetName=AVDD Pin=U6-8
Removed Member From Class: ClassName=U_Hammerhead - Power R1 Member=C92
Removed Member From Class: ClassName=U_Hammerhead - Power R1 Member=C94
Removed Member From Class: ClassName=U_Hammerhead - Power R1 Member=C95
Removed Member From Class: ClassName=U_Hammerhead - Power R1 Member=C100
Removed Member From Class: ClassName=U_Hammerhead - Power R1 Member=FB17
Change Component DesignItemId : Designator=U6 Old DesignItemId=LT1054CS8 New DesignItemId=NCP1729
Change Component Comment : Designator=U6 Old Comment=LT1054CS8 New Comment=NCP1729
Change Component Description : Designator=U6 Old Description=Switched-Capacitor Voltage Converter with Regulator, 3.5 to 15 V Vin, Adjustable Vout, 8-pin SOIC (S8-8), 0 to 100 degC New Description=
Change Component Library : Designator=U6 Old Library=SunIO Schematic Symbol Lib.SchLib New Library=*
Added Component: Designator=C102(C1206)
Added Component: Designator=C?(C0805)
Added Component: Designator=C?(C0805)
Added Component: Designator=C?(C0805)
Added Pin To Net: NetName=GND Pin=C54-1
Added Pin To Net: NetName=-AVDD Pin=C54-2
Added Pin To Net: NetName=GND Pin=C102-1
Added Pin To Net: NetName=AVDD Pin=C102-2
Added Pin To Net: NetName=GND Pin=C?-1
Added Pin To Net: NetName=GND Pin=C?-1
Added Pin To Net: NetName=NetC95_2 Pin=C?-1
Added Pin To Net: NetName=-AVDD Pin=C?-2
Added Pin To Net: NetName=NetC100_1 Pin=C?-2
Added Pin To Net: NetName=NetC100_2 Pin=C?-2
Added Pin To Net: NetName=NetC100_2 Pin=FB16-1
Added Pin To Net: NetName=NetC100_2 Pin=U6-1
Added Pin To Net: NetName=AVDD Pin=U6-2
Added Pin To Net: NetName=NetC100_1 Pin=U6-3
Added Pin To Net: NetName=GND Pin=U6-4
Added Pin To Net: NetName=AVDD Pin=U6-5
Added Pin To Net: NetName=NetC95_2 Pin=U6-6
Change Net Name : Old Net Name=NetC95_2 New Net Name=NetC?_1
Change Net Name : Old Net Name=NetC100_1 New Net Name=NetC?_2
Change Net Name : Old Net Name=NetC100_2 New Net Name=NetC?_2
Added Member To Class: ClassName=U_Hammerhead - Power R1 Member=Component C? 0805
