Removed Pin From Net: NetName=DVDD Pin=P1-2
Removed Pin From Net: NetName=RESET Pin=P1-3
Removed Pin From Net: NetName=DVDD Pin=P1-4
Removed Pin From Net: NetName=5VDC Pin=P1-5
Removed Pin From Net: NetName=GND Pin=P1-6
Removed Pin From Net: NetName=GND Pin=P1-7
Removed Pin From Net: NetName=VIN Pin=P1-8
Change Component DesignItemId : Designator=P1 Old DesignItemId=Header 8 New DesignItemId=Header 8X2
Change Component Footprint: Designator=P1 Old Footprint=HDR1X8 New Footprint=HDR2X8
Change Component Comment : Designator=P1 Old Comment=Header 8 New Comment=Header 8X2
Added Pin To Net: NetName=DVDD Pin=P1-3
Added Pin To Net: NetName=RESET Pin=P1-5
Added Pin To Net: NetName=I2C1_SDA Pin=P1-6
Added Pin To Net: NetName=DVDD Pin=P1-7
Added Pin To Net: NetName=5VDC Pin=P1-9
Added Pin To Net: NetName=GND Pin=P1-11
Added Pin To Net: NetName=GND Pin=P1-13
Added Pin To Net: NetName=VIN Pin=P1-15
Added Pin To Net: NetName=I2C1_SDA Pin=U1-84
Added Pin To Net: NetName=GPIO3_0 Pin=P1-16
Added Pin To Net: NetName=GPIO3_0 Pin=U1-74
Added Net: Name=GPIO3_0
Added Pin To Net: NetName=GPIO3_1 Pin=P1-12
Added Pin To Net: NetName=GPIO3_1 Pin=U1-78
Added Net: Name=GPIO3_1
Added Pin To Net: NetName=GPIO3_2 Pin=P1-10
Added Pin To Net: NetName=GPIO3_2 Pin=U1-79
Added Net: Name=GPIO3_2
Added Pin To Net: NetName=GPIO5_15 Pin=P1-4
Added Pin To Net: NetName=GPIO5_15 Pin=U1-85
Added Net: Name=GPIO5_15
Added Pin To Net: NetName=GPIO5_16 Pin=P1-2
Added Pin To Net: NetName=GPIO5_16 Pin=U1-86
Added Net: Name=GPIO5_16
Added Pin To Net: NetName=U0_RXD Pin=P1-8
Added Pin To Net: NetName=U0_RXD Pin=U1-81
Added Net: Name=U0_RXD
Added Pin To Net: NetName=U0_TXD Pin=P1-14
Added Pin To Net: NetName=U0_TXD Pin=U1-75
Added Net: Name=U0_TXD
