Removed Pin From Net: NetName=NetC96_1 Pin=C96-1
Removed Pin From Net: NetName=NetC96_1 Pin=C99-2
Removed Pin From Net: NetName=+6VCC Pin=U7-1
Removed Pin From Net: NetName=+6VCC Pin=U7-2
Removed Pin From Net: NetName=NetC96_1 Pin=U7-3
Removed Pin From Net: NetName=NetC96_1 Pin=U7-4
Removed Pin From Net: NetName=NetC51_2 Pin=U7-5
Removed Pin From Net: NetName=GND Pin=U7-6
Removed Pin From Net: NetName=+6VCC Pin=U7-8
Removed Pin From Net: NetName=GND Pin=U7-9
Change Component DesignItemId : Designator=U7 Old DesignItemId=TPS796 New DesignItemId=TPS7A7200RGTT
Change Component Footprint: Designator=C51 Old Footprint=1608[0603] New Footprint=C1206
Change Component Footprint: Designator=U7 Old Footprint=QFN65P300X300X100_HS-17N New Footprint=QFN50P300X300X100_HS-17N
Change Component Comment : Designator=C51 Old Comment=0603 New Comment=1206
Change Component Comment : Designator=U7 Old Comment=TPS79650DRBT New Comment=TPS7A7200RGTT
Added Component: Designator=R31(J1-0603)
Added Component: Designator=R34(J1-0603)
Added Component: Designator=R35(J1-0603)
Added Pin To Net: NetName=NetD3_2 Pin=C96-1
Added Pin To Net: NetName=NetD3_2 Pin=C99-2
Added Pin To Net: NetName=NetC96_1 Pin=R31-1
Added Pin To Net: NetName=NetC96_1 Pin=R34-2
Added Pin To Net: NetName=GND Pin=R35-1
Added Pin To Net: NetName=GND Pin=U7-7
Added Pin To Net: NetName=NetC51_2 Pin=U7-11
Added Pin To Net: NetName=+6VCC Pin=U7-12
Added Pin To Net: NetName=+6VCC Pin=U7-13
Added Pin To Net: NetName=+6VCC Pin=U7-14
Added Pin To Net: NetName=NetC96_1 Pin=U7-15
Added Pin To Net: NetName=NetC96_1 Pin=U7-16
Added Pin To Net: NetName=GND Pin=U7-17
Change Net Name : Old Net Name=NetC96_1 New Net Name=NetP8_2
Change Net Name : Old Net Name=NetD3_2 New Net Name=NetC96_1
Added Pin To Net: NetName=NetR31_2 Pin=R31-2
Added Pin To Net: NetName=NetR31_2 Pin=U7-3
Added Net: Name=NetR31_2
Added Pin To Net: NetName=NetR34_1 Pin=R34-1
Added Pin To Net: NetName=NetR34_1 Pin=R35-2
Added Pin To Net: NetName=NetR34_1 Pin=U7-2
Added Net: Name=NetR34_1
Added Member To Class: ClassName=U_Hammerhead - Power R1 Member=Component R31 Res3
Added Member To Class: ClassName=U_Hammerhead - Power R1 Member=Component R34 Res3
Added Member To Class: ClassName=U_Hammerhead - Power R1 Member=Component R35 Res3
