Removed Pin From Net: NetName=GND Pin=FB20-1
Removed Pin From Net: NetName=GND Pin=FB22-1
Removed Pin From Net: NetName=GND Pin=FB23-1
Removed Pin From Net: NetName=NetFB18_2 Pin=J2-5
Removed Pin From Net: NetName=NetFB19_2 Pin=J2-8
Removed Pin From Net: NetName=NetFB19_2 Pin=J2-9
Removed Pin From Net: NetName=NetFB21_2 Pin=J3-5
Removed Member From Class: ClassName=U_Hammerhead USB R1 Member=FB20
Removed Member From Class: ClassName=U_Hammerhead USB R1 Member=FB22
Removed Member From Class: ClassName=U_Hammerhead USB R1 Member=FB23
Change Component DesignItemId : Designator=FB19 Old DesignItemId=BLM18PG121SN1D New DesignItemId=BLM15HG601SN1D
Change Component Comment : Designator=FB19 Old Comment=BLM18PG121SN1D New Comment=BLM15HG601SN1D
Change Component Description : Designator=FB19 Old Description= New Description=BLM15HG601SN1D
Added Component: Designator=FB17(BLM18PG121SN1D)
Added Pin To Net: NetName=GND Pin=FB17-1
Added Pin To Net: NetName=GND Pin=J2-5
Added Pin To Net: NetName=NetFB19_2 Pin=J2-6
Added Pin To Net: NetName=NetFB19_2 Pin=J2-7
Added Pin To Net: NetName=GND Pin=J3-5
Added Pin To Net: NetName=NetFB21_2 Pin=J3-6
Added Pin To Net: NetName=NetFB21_2 Pin=J3-7
Added Pin To Net: NetName=NetFB18_2 Pin=J3-8
Added Pin To Net: NetName=NetFB18_2 Pin=J3-9
Added Pin To Net: NetName=NetFB17_2 Pin=FB17-2
Added Pin To Net: NetName=NetFB17_2 Pin=J2-8
Added Pin To Net: NetName=NetFB17_2 Pin=J2-9
Added Net: Name=NetFB17_2
Added Member To Class: ClassName=U_Hammerhead USB R1 Member=Component FB17 BLM15HG601SN1D
