Removed Pin From Net: NetName=MOSI Pin=RA1-1
Removed Pin From Net: NetName=SCLK Pin=RA1-2
Removed Pin From Net: NetName=MAX_CS Pin=RA1-3
Removed Pin From Net: NetName=MISO Pin=RA1-4
Removed Pin From Net: NetName=CS_M Pin=RA1-5
Removed Pin From Net: NetName=SCK Pin=RA1-6
Removed Pin From Net: NetName=DOUT Pin=RA1-7
Removed Pin From Net: NetName=DIN Pin=RA1-8
Removed Member From Class: ClassName=U_Hammerhead - MAX11300 Analog Hub R1 Member=RA1
Change Component Designator: OldDesignator=VSSIO NewDesignator=VSSIO1
Added Component: Designator=R23(J1-0603)
Added Component: Designator=R24(J1-0603)
Added Component: Designator=R27(J1-0603)
Added Pin To Net: NetName=-5VCC Pin=C54-2
Added Pin To Net: NetName=-5VCC Pin=C56-2
Added Pin To Net: NetName=-5VCC Pin=FB16-2
Change Net Name : Old Net Name=-5VCC New Net Name=-AVDD
Added Member To Class: ClassName=U_Hammerhead - MAX11300 Analog Hub R1 Member=Component R23 0603
Added Member To Class: ClassName=U_Hammerhead - MAX11300 Analog Hub R1 Member=Component R24 0603
Added Member To Class: ClassName=U_Hammerhead - MAX11300 Analog Hub R1 Member=Component R27 0603
