Removed Pin From Net: NetName=VIN Pin=B2-11
Removed Pin From Net: NetName=VIN Pin=B2-12
Removed Pin From Net: NetName=VIN Pin=B2-13
Removed Pin From Net: NetName=VIN Pin=B2-14
Removed Pin From Net: NetName=VIN Pin=B2-15
Removed Pin From Net: NetName=VIN Pin=B2-16
Removed Pin From Net: NetName=VIN Pin=B2-17
Removed Pin From Net: NetName=VIN Pin=B2-18
Removed Pin From Net: NetName=VIN Pin=B2-19
Removed Pin From Net: NetName=VIN Pin=B2-20
Removed Pin From Net: NetName=VIN Pin=C72-1
Removed Pin From Net: NetName=VIN Pin=C74-2
Removed Pin From Net: NetName=VIN Pin=P9-2
Added Pin To Net: NetName=NetB2_11 Pin=B2-11
Added Pin To Net: NetName=NetB2_11 Pin=B2-12
Added Pin To Net: NetName=NetB2_11 Pin=B2-13
Added Pin To Net: NetName=NetB2_11 Pin=B2-14
Added Pin To Net: NetName=NetB2_11 Pin=B2-15
Added Pin To Net: NetName=NetB2_11 Pin=B2-16
Added Pin To Net: NetName=NetB2_11 Pin=B2-17
Added Pin To Net: NetName=NetB2_11 Pin=B2-18
Added Pin To Net: NetName=NetB2_11 Pin=B2-19
Added Pin To Net: NetName=NetB2_11 Pin=B2-20
Added Pin To Net: NetName=NetB2_11 Pin=C72-1
Added Pin To Net: NetName=NetB2_11 Pin=C74-2
Added Pin To Net: NetName=NetB2_11 Pin=P9-2
Added Net: Name=NetB2_11
